------------------------------------------
M.U.G.E.N ver 1.00 (2011.01.18) status log
------------------------------------------
Parsing command line...
Command line: C:\Users\jbahamon\Documents\GitHub\CTM\mugen.exe
Parse command line OK
Initializing...
Allocating game variables
Reading configuration file...OK
Initializing timer...performance timer enabled...frequency 2435877...OK
Initializing keyboard...configuring...OK
Initializing input engine...OK
Initializing sound...Initializing graphics...gameCoord 640x480...render mode 0_0...trying 640x480x16 mode 0x0...success...OK
Setting callbacks...OK
Initializing font...OK
Initializing game variables...OK
Loading system fonts...OK
Loading options...
Initializing pads...failed
Reinitializing input engine...OK
Remapping keys...OK
Reinitializing input engine...OK
Options loaded OK
Loading system...
  Load system file system.def...OK
  Load system spr...OK
  Load system fonts...OK
  Load system anim...OK
  Load [Title Info]...OK
  Load [Option Info]...OK
  Load [Select Info]...OK
  Load [VS Screen]...OK
  Load [Victory Screen]...OK
  Load [Demo Mode]...OK
  Load [Continue Screen]...OK
  Load [Game Over Screen]...OK
  Load [Win Screen]...OK
  Load [Survival Results Screen]...OK
  Load [Default Ending]...OK
  Load [End Credits]...OK
  Load TitleBG...VersusBG...VictoryBG...Error loading VictoryBG
SelectBG...OptionBG...OK
  Loading fight data
    Opening fight data file data/ChronoTrigger/fight.def...OK
    Reading [Files]...OK
    Loading fonts...OK
    Load fight anim...OK
    Reading [Lifebar]...[Turns Lifebar]...[Simul Lifebar]...[Powerbar]...
    [Face]...[Simul Face]...[Turns Face]...
    [Name]...[Simul Name]...[Turns Name]...
    [Time]...[Combo]...[Round]...[WinIcon]...OK
    Allocating explods...OK
  Fight data loaded OK
System loaded OK
Initialize OK
Set up graphics...timer...OK
Initializing character info...OK
Initializing select screen...finding characters...OK

Entering main loop
Entering character select.
Loading character chars/Crono/Crono.def...
  Loading info...OK
  Loading cmd command set Crono.cmd...OK
  Loading cns Crono.cns...OK
  Loading cns States/System.st...OK
  Loading cns States/Normal.st...OK
  Loading cns States/Specials.st...OK
  Loading cns States/Supers.st...OK
  Loading cns States/Helpers.st...OK
  Loading cmd state entry Crono.cmd...OK
  Loading common states common1.cns...OK
  Unloading command names...OK
  Loading sff Crono.sff...OK
  Loading anim Crono.air...OK
  Loading pals...OK
  4142 expressions (1211 on trigger lines)
Character Crono.def loaded OK
Loading character chars/Marle/Marle.def...
  Loading info...OK
  Loading cmd command set Marle.cmd...OK
  Loading cns Marle.cns...OK
  Loading cns States/System.st...OK
  Loading cns States/Normal.st...OK
  Loading cns States/Specials.st...OK
  Loading cns States/Supers.st...OK
  Loading cns States/Helpers.st...OK
  Loading cmd state entry Marle.cmd...OK
  Loading common states common1.cns...OK
  Unloading command names...OK
  Loading sff Marle.sff...OK
  Loading anim Marle.air...OK
  Loading pals...OK
  3891 expressions (1228 on trigger lines)
Character Marle.def loaded OK
Initializing stage...
  Loading BG...OK
  Allocating helpers...OK
Stage initialized OK
Start of game loop
End of game loop
Total time: 44.79s
Total frames: 2688 	Skipped frames: 0
Avg game rate: 60.01
Avg frame rate: 60.01

Entering character select.
Returned from main loop
Deinitializing...
Frames      : 2688
Time elapsed: 48.410 sec
ticks: 4841, tps: 100, start 7, end 4848

Clearing player cache...OK
Freeing character info...OK
Freeing select screen...OK
Freeing fight data...OK
Freeing system data...OK
Freeing game variables...OK
Deinitializing input...pad...keyboard...OK
Removing callbacks...OK
Deintializing timer...OK
Deinitializing graphics...OK
Deinitializing BGM...OK
Deinitializing sound...OK
Successful program termination.

Log file successfully closed.
